<?xml version="1.0" encoding="UTF-8"?>
<testExecutions version="1">
  <file path="/Users/mjperrins/projects/cat/template-graphql-typescript/dist/test/resolvers/task.resolver.spec.js">
    <testCase name="task.resolver canary verifies test infrastructure" duration="4"/>
    <testCase name="task.resolver tasks() should return value from taskService.listTasks()" duration="5"/>
    <testCase name="task.resolver task(id:) should return value from taskService.getTask(id:)" duration="4"/>
    <testCase name="task.resolver markTaskAsCompleted(id:) should return value from taskService.markAsCompleted(id:)" duration="0"/>
    <testCase name="task.resolver project(taskData:) should return value from projectService.getProjectById(id:)" duration="0"/>
  </file>
  <file path="/Users/mjperrins/projects/cat/template-graphql-typescript/test/resolvers/project.resolver.spec.ts">
    <testCase name="project.resolver canary verifies test infrastructure" duration="5"/>
    <testCase name="project.resolver projects() should return value from projectService.listProjects()" duration="11"/>
    <testCase name="project.resolver project(name:) should return value from projectService.getProject(name:)" duration="1"/>
    <testCase name="project.resolver tasks(projectData:) should return value from taskService.getTasksForProject(id:)" duration="1"/>
  </file>
  <file path="/Users/mjperrins/projects/cat/template-graphql-typescript/dist/test/schema/task.schema.spec.js">
    <testCase name="task schema canary test verifies test infrastructure" duration="12"/>
    <testCase name="task schema given `query tasks` when query scalar data returns values" duration="2"/>
    <testCase name="task schema given `query tasks` when query fieldResolver data returns values" duration="1"/>
    <testCase name="task schema given `query task` when called return values" duration="1"/>
    <testCase name="task schema given `mutation markTaskAsCompleted` when called return values" duration="0"/>
  </file>
  <file path="/Users/mjperrins/projects/cat/template-graphql-typescript/test/resolvers/task.resolver.spec.ts">
    <testCase name="task.resolver canary verifies test infrastructure" duration="5"/>
    <testCase name="task.resolver tasks() should return value from taskService.listTasks()" duration="2"/>
    <testCase name="task.resolver task(id:) should return value from taskService.getTask(id:)" duration="1"/>
    <testCase name="task.resolver markTaskAsCompleted(id:) should return value from taskService.markAsCompleted(id:)" duration="1"/>
    <testCase name="task.resolver project(taskData:) should return value from projectService.getProjectById(id:)" duration="7"/>
  </file>
  <file path="/Users/mjperrins/projects/cat/template-graphql-typescript/dist/test/schema/project.schema.spec.js">
    <testCase name="project schema canary verifies test infrastructure" duration="3"/>
    <testCase name="project schema given `query projects` when query scalar data returns values" duration="2"/>
    <testCase name="project schema given `query projects` when query fieldResolver data returns values" duration="1"/>
    <testCase name="project schema given `query project` when called return values" duration="1"/>
  </file>
  <file path="/Users/mjperrins/projects/cat/template-graphql-typescript/dist/test/resolvers/project.resolver.spec.js">
    <testCase name="project.resolver canary verifies test infrastructure" duration="1"/>
    <testCase name="project.resolver projects() should return value from projectService.listProjects()" duration="1"/>
    <testCase name="project.resolver project(name:) should return value from projectService.getProject(name:)" duration="5"/>
    <testCase name="project.resolver tasks(projectData:) should return value from taskService.getTasksForProject(id:)" duration="1"/>
  </file>
  <file path="/Users/mjperrins/projects/cat/template-graphql-typescript/test/schema/task.schema.spec.ts">
    <testCase name="task schema canary test verifies test infrastructure" duration="3"/>
    <testCase name="task schema given `query tasks` when query scalar data returns values" duration="2"/>
    <testCase name="task schema given `query tasks` when query fieldResolver data returns values" duration="1"/>
    <testCase name="task schema given `query task` when called return values" duration="1"/>
    <testCase name="task schema given `mutation markTaskAsCompleted` when called return values" duration="0"/>
  </file>
  <file path="/Users/mjperrins/projects/cat/template-graphql-typescript/test/schema/project.schema.spec.ts">
    <testCase name="project schema canary verifies test infrastructure" duration="3"/>
    <testCase name="project schema given `query projects` when query scalar data returns values" duration="2"/>
    <testCase name="project schema given `query projects` when query fieldResolver data returns values" duration="1"/>
    <testCase name="project schema given `query project` when called return values" duration="1"/>
  </file>
</testExecutions>